<?xml version="1.0" encoding="UTF-8"?>
<testng-results skipped="0" failed="0" ignored="0" total="1" passed="1">
  <reporter-output>
  </reporter-output>
  <suite name="Default suite" duration-ms="44313" started-at="2020-07-12T15:59:52Z" finished-at="2020-07-12T16:00:36Z">
    <groups>
    </groups>
    <test name="Default test" duration-ms="44313" started-at="2020-07-12T15:59:52Z" finished-at="2020-07-12T16:00:36Z">
      <class name="travelSite.SeleniumPOC.TestingImage">
        <test-method status="PASS" signature="beforeEach()[pri:0, instance:travelSite.SeleniumPOC.TestingImage@1e127982]" name="beforeEach" is-config="true" duration-ms="485" started-at="2020-07-12T15:59:52Z" finished-at="2020-07-12T15:59:52Z">
          <reporter-output>
          </reporter-output>
        </test-method> <!-- beforeEach -->
        <test-method status="PASS" signature="init()[pri:0, instance:travelSite.SeleniumPOC.TestingImage@1e127982]" name="init" is-config="true" duration-ms="6882" started-at="2020-07-12T15:59:52Z" finished-at="2020-07-12T15:59:59Z">
          <reporter-output>
          </reporter-output>
        </test-method> <!-- init -->
        <test-method status="PASS" signature="setBatch()[pri:0, instance:travelSite.SeleniumPOC.TestingImage@1e127982]" name="setBatch" is-config="true" duration-ms="0" started-at="2020-07-12T15:59:59Z" finished-at="2020-07-12T15:59:59Z">
          <reporter-output>
          </reporter-output>
        </test-method> <!-- setBatch -->
        <test-method status="PASS" signature="basicTest()[pri:0, instance:travelSite.SeleniumPOC.TestingImage@1e127982]" name="basicTest" duration-ms="35994" started-at="2020-07-12T15:59:59Z" finished-at="2020-07-12T16:00:35Z">
          <reporter-output>
          </reporter-output>
        </test-method> <!-- basicTest -->
        <test-method status="PASS" signature="afterEach()[pri:0, instance:travelSite.SeleniumPOC.TestingImage@1e127982]" name="afterEach" is-config="true" duration-ms="922" started-at="2020-07-12T16:00:35Z" finished-at="2020-07-12T16:00:36Z">
          <reporter-output>
          </reporter-output>
        </test-method> <!-- afterEach -->
      </class> <!-- travelSite.SeleniumPOC.TestingImage -->
    </test> <!-- Default test -->
  </suite> <!-- Default suite -->
</testng-results>
